<?xml version="1.0" encoding="UTF-8"?>
<!-- Generated by org.testng.reporters.JUnitReportReporter -->
<testsuite hostname="DESKTOP-VAC88UU" failures="0" tests="1" name="Practise.Screenshot" time="21.949" errors="0" timestamp="2023-02-16T14:04:31 IST" skipped="0">
  <testcase classname="Practise.Screenshot" name="verifyTitle" time="21.949"/>
  <system-out/>
</testsuite> <!-- Practise.Screenshot -->
