<?xml version="1.0" encoding="UTF-8"?>
<!-- Generated by org.testng.reporters.JUnitReportReporter -->
<testsuite hostname="DESKTOP-VAC88UU" failures="0" tests="1" name="Practise.Assertdemo" time="41.372" errors="0" timestamp="2023-02-16T13:46:34 IST" skipped="0">
  <testcase classname="Practise.Assertdemo" name="verifyTitle" time="41.372"/>
  <system-out/>
</testsuite> <!-- Practise.Assertdemo -->
